<?xml version="1.0" encoding="UTF-8"?>
<testng-results ignored="0" total="1" passed="1" failed="0" skipped="0">
  <reporter-output>
  </reporter-output>
  <suite started-at="2023-08-02T20:22:25 EDT" name="MyMavenPackage.MavenParameterTest" finished-at="2023-08-02T20:22:27 EDT" duration-ms="1844">
    <groups>
    </groups>
    <test started-at="2023-08-02T20:22:25 EDT" name="Command line test" finished-at="2023-08-02T20:22:27 EDT" duration-ms="1844">
      <class name="MyMavenPackage.MavenParameterTest">
        <test-method is-config="true" signature="beforeTest()[pri:0, instance:MyMavenPackage.MavenParameterTest@66d18979]" started-at="2023-08-02T20:22:25 EDT" name="beforeTest" finished-at="2023-08-02T20:22:27 EDT" duration-ms="1706" status="PASS">
          <reporter-output>
          </reporter-output>
        </test-method> <!-- beforeTest -->
        <test-method signature="InputDatainSearchTextBox()[pri:0, instance:MyMavenPackage.MavenParameterTest@66d18979]" started-at="2023-08-02T20:22:27 EDT" name="InputDatainSearchTextBox" finished-at="2023-08-02T20:22:27 EDT" duration-ms="53" status="PASS">
          <reporter-output>
          </reporter-output>
        </test-method> <!-- InputDatainSearchTextBox -->
        <test-method is-config="true" signature="afterTest()[pri:0, instance:MyMavenPackage.MavenParameterTest@66d18979]" started-at="2023-08-02T20:22:27 EDT" name="afterTest" finished-at="2023-08-02T20:22:27 EDT" duration-ms="67" status="PASS">
          <reporter-output>
          </reporter-output>
        </test-method> <!-- afterTest -->
      </class> <!-- MyMavenPackage.MavenParameterTest -->
    </test> <!-- Command line test -->
  </suite> <!-- MyMavenPackage.MavenParameterTest -->
</testng-results>
