<?xml version="1.0" encoding="UTF-8"?>
<testng-results ignored="0" total="1" passed="1" failed="0" skipped="0">
  <reporter-output>
  </reporter-output>
  <suite started-at="2023-08-02T20:00:33 EDT" name="Suite" finished-at="2023-08-02T20:00:35 EDT" duration-ms="2121">
    <groups>
    </groups>
    <test started-at="2023-08-02T20:00:33 EDT" name="Test" finished-at="2023-08-02T20:00:35 EDT" duration-ms="2121">
      <class name="MyMavenPackage.MavenParameterTest">
        <test-method is-config="true" signature="beforeTest()[pri:0, instance:MyMavenPackage.MavenParameterTest@1caa0244]" started-at="2023-08-02T20:00:33 EDT" name="beforeTest" finished-at="2023-08-02T20:00:35 EDT" duration-ms="1980" status="PASS">
          <reporter-output>
          </reporter-output>
        </test-method> <!-- beforeTest -->
        <test-method signature="InputDatainSearchTextBox()[pri:0, instance:MyMavenPackage.MavenParameterTest@1caa0244]" started-at="2023-08-02T20:00:35 EDT" name="InputDatainSearchTextBox" finished-at="2023-08-02T20:00:35 EDT" duration-ms="53" status="PASS">
          <reporter-output>
          </reporter-output>
        </test-method> <!-- InputDatainSearchTextBox -->
        <test-method is-config="true" signature="afterTest()[pri:0, instance:MyMavenPackage.MavenParameterTest@1caa0244]" started-at="2023-08-02T20:00:35 EDT" name="afterTest" finished-at="2023-08-02T20:00:35 EDT" duration-ms="70" status="PASS">
          <reporter-output>
          </reporter-output>
        </test-method> <!-- afterTest -->
      </class> <!-- MyMavenPackage.MavenParameterTest -->
    </test> <!-- Test -->
  </suite> <!-- Suite -->
</testng-results>
